Using pre-set license
Built from '2020.3/release' branch; Version is '2020.3.12f1 (b3b2c6512326) revision 11776710'; Using compiler version '192528614'; Build Type 'Release'
OS: 'Windows 10 Enterprise; OS build 14393.0; Version 1607; 64bit' Language: 'ru' Physical Memory: 8112 MB
BatchMode: 1, IsHumanControllingUs: 0, StartBugReporterOnCrash: 0, Is64bit: 1, IsPro: 0

 COMMAND LINE ARGUMENTS:
D:\Programs\UnityHubEditor\2020.3.12f1\Editor\Unity.exe
-adb2
-batchMode
-noUpm
-name
AssetImportWorker0
-projectPath
D:/Create_Games/Match3_v1.0-work
-logFile
Logs/AssetImportWorker0.log
-srvPort
55824
Successfully changed project path to: D:/Create_Games/Match3_v1.0-work
D:/Create_Games/Match3_v1.0-work
Using Asset Import Pipeline V2.
Refreshing native plugins compatible for Editor in 32.97 ms, found 2 plugins.
Preloading 0 native plugins for Editor in 0.00 ms.
Initialize engine version: 2020.3.12f1 (b3b2c6512326)
[Subsystems] Discovering subsystems at path D:/Programs/UnityHubEditor/2020.3.12f1/Editor/Data/Resources/UnitySubsystems
[Subsystems] Discovering subsystems at path D:/Create_Games/Match3_v1.0-work/Assets
GfxDevice: creating device client; threaded=0
Direct3D:
    Version:  Direct3D 11.0 [level 11.1]
    Renderer: NVIDIA GeForce GTX 1050 Ti (ID=0x1c82)
    Vendor:   
    VRAM:     4020 MB
    Driver:   27.21.14.5730
Initialize mono
Mono path[0] = 'D:/Programs/UnityHubEditor/2020.3.12f1/Editor/Data/Managed'
Mono path[1] = 'D:/Programs/UnityHubEditor/2020.3.12f1/Editor/Data/MonoBleedingEdge/lib/mono/unityjit'
Mono config path = 'D:/Programs/UnityHubEditor/2020.3.12f1/Editor/Data/MonoBleedingEdge/etc'
Using monoOptions --debugger-agent=transport=dt_socket,embedding=1,server=y,suspend=n,address=127.0.0.1:56836
Begin MonoManager ReloadAssembly
Registering precompiled unity dll's ...
Register platform support module: D:/Programs/UnityHubEditor/2020.3.12f1/Editor/Data/PlaybackEngines/WindowsStandaloneSupport/UnityEditor.WindowsStandalone.Extensions.dll
Registered in 0.000735 seconds.
Native extension for WindowsStandalone target not found
Refreshing native plugins compatible for Editor in 31.11 ms, found 2 plugins.
Preloading 0 native plugins for Editor in 0.00 ms.
Mono: successfully reloaded assembly
- Completed reload, in  1.658 seconds
Platform modules already initialized, skipping
Registering precompiled user dll's ...
Registered in 0.002251 seconds.
Begin MonoManager ReloadAssembly
Native extension for WindowsStandalone target not found
Refreshing native plugins compatible for Editor in 0.46 ms, found 2 plugins.
Preloading 0 native plugins for Editor in 0.00 ms.
Mono: successfully reloaded assembly
- Completed reload, in  1.018 seconds
Platform modules already initialized, skipping
========================================================================
Worker process is ready to serve import requests
Launched and connected shader compiler UnityShaderCompiler.exe after 0.03 seconds
Refreshing native plugins compatible for Editor in 0.36 ms, found 2 plugins.
Preloading 0 native plugins for Editor in 0.00 ms.
Unloading 1393 Unused Serialized files (Serialized files now loaded: 0)
System memory in use before: 64.8 MB.
System memory in use after: 64.9 MB.

Unloading 18 unused Assets to reduce memory usage. Loaded Objects now: 1825.
Total: 2.007897 ms (FindLiveObjects: 0.145965 ms CreateObjectMapping: 0.050045 ms MarkObjects: 1.744198 ms  DeleteObjects: 0.066406 ms)

AssetImportParameters requested are different than current active one (requested -> active):
  custom:framework-win-MediaFoundation: 216162199b28c13a410421893ffa2e32 -> 
  custom:video-decoder-ogg-theora: a1e56fd34408186e4bbccfd4996cb3dc -> 
  custom:container-muxer-webm: aa71ff27fc2769a1b78a27578f13a17b -> 
  custom:container-demuxer-webm: 4f35f7cbe854078d1ac9338744f61a02 -> 
  custom:container-demuxer-ogg: 62fdf1f143b41e24485cea50d1cbac27 -> 
  custom:video-encoder-webm-vp8: eb34c28f22e8b96e1ab97ce403110664 -> 
  custom:video-codec-MediaFoundation-h265: 55f8c8538cf0483ab7069ead6b737db2 -> 
  custom:video-decoder-webm-vp8: 9c59270c3fd7afecdb556c50c9e8de78 -> 
  custom:audio-decoder-ogg-vorbis: bf7c407c2cedff20999df2af8eb42d56 -> 
  custom:audio-encoder-webm-vorbis: bf7c407c2cedff20999df2af8eb42d56 -> 
========================================================================
Received Import Request.
  path: Assets/Match3/Sprites/Characters/2.png
  artifactKey: Guid(e1f83fb6ea455004b850410e4f4bd7b3) Importer(815301076,1909f56bfc062723c751e8b465ee728b)
Start importing Assets/Match3/Sprites/Characters/2.png using Guid(e1f83fb6ea455004b850410e4f4bd7b3) Importer(815301076,1909f56bfc062723c751e8b465ee728b)  -> (artifact id: '34c46d9c1b0a10565ea7ad6f6631e730') in 0.148505 seconds 
  Import took 0.151450 seconds .

========================================================================
Received Prepare
Registering precompiled user dll's ...
Registered in 0.002626 seconds.
Begin MonoManager ReloadAssembly
Native extension for WindowsStandalone target not found
Refreshing native plugins compatible for Editor in 0.40 ms, found 2 plugins.
Preloading 0 native plugins for Editor in 0.00 ms.
Mono: successfully reloaded assembly
- Completed reload, in  1.507 seconds
Platform modules already initialized, skipping
Switching build target platform(19) subTarget(0) extendedPlatform(0) -> platform(13) subTarget(589824) extendedPlatform(0)
Refreshing native plugins compatible for Editor in 0.30 ms, found 2 plugins.
Preloading 0 native plugins for Editor in 0.00 ms.
Unloading 1390 Unused Serialized files (Serialized files now loaded: 0)
System memory in use before: 67.7 MB.
System memory in use after: 67.8 MB.

Unloading 13 unused Assets to reduce memory usage. Loaded Objects now: 1834.
Total: 1.838514 ms (FindLiveObjects: 0.135699 ms CreateObjectMapping: 0.043629 ms MarkObjects: 1.644429 ms  DeleteObjects: 0.014115 ms)

AssetImportParameters requested are different than current active one (requested -> active):
  custom:framework-win-MediaFoundation: 216162199b28c13a410421893ffa2e32 -> 
  custom:video-decoder-ogg-theora: a1e56fd34408186e4bbccfd4996cb3dc -> 
  custom:container-muxer-webm: aa71ff27fc2769a1b78a27578f13a17b -> 
  custom:container-demuxer-webm: 4f35f7cbe854078d1ac9338744f61a02 -> 
  custom:container-demuxer-ogg: 62fdf1f143b41e24485cea50d1cbac27 -> 
  custom:video-encoder-webm-vp8: eb34c28f22e8b96e1ab97ce403110664 -> 
  custom:video-codec-MediaFoundation-h265: 55f8c8538cf0483ab7069ead6b737db2 -> 
  custom:video-decoder-webm-vp8: 9c59270c3fd7afecdb556c50c9e8de78 -> 
  custom:graphics/normal-map-encoding: 01000000000000000000000000000000 -> 02000000000000000000000000000000
  custom:audio-decoder-ogg-vorbis: bf7c407c2cedff20999df2af8eb42d56 -> 
  custom:audio-encoder-webm-vorbis: bf7c407c2cedff20999df2af8eb42d56 -> 
========================================================================
Received Import Request.
  Time since last request: 1023.933830 seconds.
  path: Assets/Match3/Audio
  artifactKey: Guid(8924426469f0157479ac8e1df376b975) Importer(815301076,1909f56bfc062723c751e8b465ee728b)
Start importing Assets/Match3/Audio using Guid(8924426469f0157479ac8e1df376b975) Importer(815301076,1909f56bfc062723c751e8b465ee728b)  -> (artifact id: '4d7abbaedd6e2fa32d084eb8b3a945e2') in 0.048353 seconds 
  Import took 0.052900 seconds .

========================================================================
Received Import Request.
  Time since last request: 1.212082 seconds.
  path: Assets/Match3/Audio/Music
  artifactKey: Guid(75b39c66258e226479f6041f3383a3b1) Importer(815301076,1909f56bfc062723c751e8b465ee728b)
Start importing Assets/Match3/Audio/Music using Guid(75b39c66258e226479f6041f3383a3b1) Importer(815301076,1909f56bfc062723c751e8b465ee728b)  -> (artifact id: '4ed9e0fc836cd65c9dcbec2f81ea0268') in 0.008003 seconds 
  Import took 0.010340 seconds .

========================================================================
Received Import Request.
  Time since last request: 3.508025 seconds.
  path: Assets/Match3/Audio/Music/Attribution.txt
  artifactKey: Guid(4adc7b5060080634ab1d9f24f473ad3b) Importer(815301076,1909f56bfc062723c751e8b465ee728b)
Start importing Assets/Match3/Audio/Music/Attribution.txt using Guid(4adc7b5060080634ab1d9f24f473ad3b) Importer(815301076,1909f56bfc062723c751e8b465ee728b)  -> (artifact id: '4493b776ceecc3957a1444e51bfe0574') in 0.036822 seconds 
  Import took 0.041423 seconds .

========================================================================
Received Import Request.
  Time since last request: 0.695414 seconds.
  path: Assets/Match3/Audio/Music/Hyperfun.ogg
  artifactKey: Guid(ebac80d036915b54094138b7e7cd5922) Importer(815301076,1909f56bfc062723c751e8b465ee728b)
Start importing Assets/Match3/Audio/Music/Hyperfun.ogg using Guid(ebac80d036915b54094138b7e7cd5922) Importer(815301076,1909f56bfc062723c751e8b465ee728b)  -> (artifact id: 'ef6c1966776b1bccd994da33c934698b') in 0.064731 seconds 
  Import took 0.067263 seconds .

========================================================================
Received Import Request.
  Time since last request: 5.718136 seconds.
  path: Assets/Match3/Audio/SFX/Clear.ogg
  artifactKey: Guid(4b4043ea4a208e44f9ceb6db860a42ea) Importer(815301076,1909f56bfc062723c751e8b465ee728b)
Start importing Assets/Match3/Audio/SFX/Clear.ogg using Guid(4b4043ea4a208e44f9ceb6db860a42ea) Importer(815301076,1909f56bfc062723c751e8b465ee728b)  -> (artifact id: '5d39b0608f0ce6a44ac46b45ceff6ac5') in 0.043800 seconds 
  Import took 0.049691 seconds .

========================================================================
Received Import Request.
  Time since last request: 3.237391 seconds.
  path: Assets/Match3/Audio/SFX/Select.mp3
  artifactKey: Guid(567376b80e0350040a86dbd342b02319) Importer(815301076,1909f56bfc062723c751e8b465ee728b)
Start importing Assets/Match3/Audio/SFX/Select.mp3 using Guid(567376b80e0350040a86dbd342b02319) Importer(815301076,1909f56bfc062723c751e8b465ee728b)  -> (artifact id: 'ce865e13a8cec8bdb6b4d70a42e6bc4c') in 0.067482 seconds 
  Import took 0.071330 seconds .

========================================================================
Received Import Request.
  Time since last request: 0.822951 seconds.
  path: Assets/Match3/Audio/SFX/Swap.ogg
  artifactKey: Guid(03aa09522745ddc4fa23a5fe46484274) Importer(815301076,1909f56bfc062723c751e8b465ee728b)
Start importing Assets/Match3/Audio/SFX/Swap.ogg using Guid(03aa09522745ddc4fa23a5fe46484274) Importer(815301076,1909f56bfc062723c751e8b465ee728b)  -> (artifact id: '0a8ef94a4652aa92a05f8817bd2b60cf') in 0.047120 seconds 
  Import took 0.049559 seconds .

========================================================================
Received Import Request.
  Time since last request: 4.176837 seconds.
  path: Assets/Match3/Audio/MasterMixer.mixer
  artifactKey: Guid(2208ab7a56b3f4242964975380adbaca) Importer(815301076,1909f56bfc062723c751e8b465ee728b)
Start importing Assets/Match3/Audio/MasterMixer.mixer using Guid(2208ab7a56b3f4242964975380adbaca) Importer(815301076,1909f56bfc062723c751e8b465ee728b)  -> (artifact id: '5eaf6c709197ce31ecfcc8b61c9ef4ac') in 0.018199 seconds 
  Import took 0.022469 seconds .

========================================================================
Received Prepare
Registering precompiled user dll's ...
Registered in 0.002026 seconds.
Begin MonoManager ReloadAssembly
Native extension for WindowsStandalone target not found
Refreshing native plugins compatible for Editor in 0.31 ms, found 2 plugins.
Preloading 0 native plugins for Editor in 0.00 ms.
Mono: successfully reloaded assembly
- Completed reload, in  0.984 seconds
Platform modules already initialized, skipping
Switching build target platform(19) subTarget(0) extendedPlatform(0) -> platform(13) subTarget(589824) extendedPlatform(0)
Refreshing native plugins compatible for Editor in 0.37 ms, found 2 plugins.
Preloading 0 native plugins for Editor in 0.00 ms.
Unloading 1390 Unused Serialized files (Serialized files now loaded: 0)
System memory in use before: 67.8 MB.
System memory in use after: 67.9 MB.

Unloading 13 unused Assets to reduce memory usage. Loaded Objects now: 1843.
Total: 1.897862 ms (FindLiveObjects: 0.144681 ms CreateObjectMapping: 0.046516 ms MarkObjects: 1.690945 ms  DeleteObjects: 0.014757 ms)

AssetImportParameters requested are different than current active one (requested -> active):
  custom:framework-win-MediaFoundation: 216162199b28c13a410421893ffa2e32 -> 
  custom:video-decoder-ogg-theora: a1e56fd34408186e4bbccfd4996cb3dc -> 
  custom:container-muxer-webm: aa71ff27fc2769a1b78a27578f13a17b -> 
  custom:container-demuxer-webm: 4f35f7cbe854078d1ac9338744f61a02 -> 
  custom:container-demuxer-ogg: 62fdf1f143b41e24485cea50d1cbac27 -> 
  custom:video-encoder-webm-vp8: eb34c28f22e8b96e1ab97ce403110664 -> 
  custom:video-codec-MediaFoundation-h265: 55f8c8538cf0483ab7069ead6b737db2 -> 
  custom:video-decoder-webm-vp8: 9c59270c3fd7afecdb556c50c9e8de78 -> 
  custom:graphics/normal-map-encoding: 01000000000000000000000000000000 -> 02000000000000000000000000000000
  custom:audio-decoder-ogg-vorbis: bf7c407c2cedff20999df2af8eb42d56 -> 
  custom:audio-encoder-webm-vorbis: bf7c407c2cedff20999df2af8eb42d56 -> 
========================================================================
Received Prepare
Registering precompiled user dll's ...
Registered in 0.002146 seconds.
Begin MonoManager ReloadAssembly
Native extension for WindowsStandalone target not found
Refreshing native plugins compatible for Editor in 0.31 ms, found 2 plugins.
Preloading 0 native plugins for Editor in 0.00 ms.
Mono: successfully reloaded assembly
- Completed reload, in  0.969 seconds
Platform modules already initialized, skipping
Switching build target platform(19) subTarget(0) extendedPlatform(0) -> platform(13) subTarget(589824) extendedPlatform(0)
Refreshing native plugins compatible for Editor in 0.30 ms, found 2 plugins.
Preloading 0 native plugins for Editor in 0.00 ms.
Unloading 1390 Unused Serialized files (Serialized files now loaded: 0)
System memory in use before: 67.8 MB.
System memory in use after: 67.9 MB.

Unloading 13 unused Assets to reduce memory usage. Loaded Objects now: 1846.
Total: 2.245611 ms (FindLiveObjects: 0.139549 ms CreateObjectMapping: 0.042346 ms MarkObjects: 2.016238 ms  DeleteObjects: 0.046195 ms)

AssetImportParameters requested are different than current active one (requested -> active):
  custom:framework-win-MediaFoundation: 216162199b28c13a410421893ffa2e32 -> 
  custom:video-decoder-ogg-theora: a1e56fd34408186e4bbccfd4996cb3dc -> 
  custom:container-muxer-webm: aa71ff27fc2769a1b78a27578f13a17b -> 
  custom:container-demuxer-webm: 4f35f7cbe854078d1ac9338744f61a02 -> 
  custom:container-demuxer-ogg: 62fdf1f143b41e24485cea50d1cbac27 -> 
  custom:video-encoder-webm-vp8: eb34c28f22e8b96e1ab97ce403110664 -> 
  custom:video-codec-MediaFoundation-h265: 55f8c8538cf0483ab7069ead6b737db2 -> 
  custom:video-decoder-webm-vp8: 9c59270c3fd7afecdb556c50c9e8de78 -> 
  custom:graphics/normal-map-encoding: 01000000000000000000000000000000 -> 02000000000000000000000000000000
  custom:audio-decoder-ogg-vorbis: bf7c407c2cedff20999df2af8eb42d56 -> 
  custom:audio-encoder-webm-vorbis: bf7c407c2cedff20999df2af8eb42d56 -> 
========================================================================
Received Import Request.
  Time since last request: 1705.637931 seconds.
  path: Assets/Match3/Scripts/Board and Grid/BoardManager.cs
  artifactKey: Guid(a3e5bbfb8c13d8f479f8d00fcbc7884e) Importer(815301076,1909f56bfc062723c751e8b465ee728b)
Start importing Assets/Match3/Scripts/Board and Grid/BoardManager.cs using Guid(a3e5bbfb8c13d8f479f8d00fcbc7884e) Importer(815301076,1909f56bfc062723c751e8b465ee728b)  -> (artifact id: 'a7b13f22122cdb91525199c346a90609') in 0.020419 seconds 
  Import took 0.023382 seconds .

AssetImportWorkerClient::OnTransportError - code=2 error=End of file
